                  ___                
This is MUSCOD-II (Release 6.0, Revision 3148) |\    /| |    | /   \ 000000        
Copyright (C) 1995--2019, Simulation and Optimization Group |  \/  | |    | `---.       000     
 |      |  \__/  \___/          00   
Interdisciplinary Center for Scientific Computing (IWR)                                  00 
Heidelberg University, Germany 00               | |              00
 00               | |              00
 + MS-MINTOC extensions for mixed-integer optimal control  00              ___    ___    ___  
 + PRSQP Partially Reduced SQP Version [ ]    00           /   \  /   \  |   \ 
 + Algorithmic Extensions [ CLSQ LSQ ]      000       |      |     | |    |
 + DEBUG enabled         000000  \___/  \___/  |___/ 

Loading the following libraries dynamically:
/home/patrick/MUSCOD_SUITE/MC2/Debug/lib64/libmuscod_prsqp_den.so ... success.
/home/patrick/MUSCOD_SUITE/MC2/Debug/lib64/libmuscod_hess_update.so ... success.
/home/patrick/MUSCOD_SUITE/MC2/Debug/lib64/libmuscod_tchk.so ... success.
/home/patrick/MUSCOD_SUITE/MC2/Debug/lib64/libmuscod_solve_slse.so ... success.
/home/patrick/MUSCOD_SUITE/MC2/Debug/lib64/libmuscod_cond_std.so ... success.
/home/patrick/MUSCOD_SUITE/MC2/Debug/lib64/libmuscod_qps_qpopt.so ... success.
/home/patrick/MUSCOD_SUITE/MC2/Debug/lib64/libmuscod_mssqp_standard.so ... success.
/home/patrick/MUSCOD_SUITE/MC2/Debug/lib64/libmuscod_plot_pgplot.so ... success.
/home/patrick/MUSCOD_SUITE/MC2/Debug/lib64/libmuscod_eval_ind.so ... success.
/home/patrick/MUSCOD_SUITE/MC2/Debug/lib64/libmuscod_mintoc.so ... success.
./librocketcar.so ... success.
/home/patrick/MUSCOD_SUITE/MC2/Debug/lib64/libmuscod_ind_rkf45.so ... success.

>>>>  Dimensions of structured NLP problem:
                   # of discretization points NDIS =        21
                               # of variables NVAR =        82
                    # of equality constraints NEQ  =        63 (44 + 19)
                  # of inequality constraints NIN  =       164 (0 + 82*2)

>>>>  Parameters of MSSQP method:
                final accuracy of NLP solution ACC =  1.00E-06
                 initial integration tolerance     =  1.00E-08
  # of homotopy steps in integration tolerance     =         0
                   final integration tolerance TOL =  1.00E-08
    regularization factor (as multiple of ACC)     =  0.00E+00
    Levenberg Marquardt hessian regularization     =  0.00E+00
                   maximum # of SQP iterations     =       100
(no constraint relaxation)

>>>>  Parameters of Hessian approximation method (BFGS update with Powell modification):
                              initial trust radius =   24.7087
                   initial diagonal scaling factor = 0.00467326

>>>>  SQP iterations

 it qpit qpf   kkttol          sobj   |sinf|  |vstep|  |vstpr| |mulstp|       |lgrd|    alpha         merit crit stat
  0                    3.200000E+01 3.00E+02


****
**** SQP iteration 0
****
(no constraint relaxation)
  1   19 A   1.67E-01  3.200000E+01 1.62E-08 1.24E+01 0.00E+00 9.57E-01 0.000000E+00 1.00E+00  3.200000E+01  REL SUCC


****
**** SQP iteration 1
****
(no constraint relaxation)
  2    1 A   6.64E-19  3.200000E+01 1.49E-15 1.09E-07 0.00E+00 9.57E-01 6.978799E-02 1.00E+00  3.200000E+01  STD SUCC

****  convergence achieved  ****

>>>>  Operation counts for ODE solver RKF45S:
                   total # of function evaluations =      2620
                      total # of integration steps =       160
                         total # of rejected steps =         0

>>>>  Wall time statistics:
                      Sensitivity generation (IND) = 00:00.000 ( 7.95%)
                      Integration of inhomogeneity = 00:00.000 ( 0.00%)
                                 State integration = 00:00.000 ( 2.53%)
                              Constraint reduction = 00:00.000 ( 0.84%)
                                        Condensing = 00:00.003 (48.89%)
                         Solution of condensed QPs = 00:00.001 (11.77%)
                            Remaining calculations = 00:00.001 (28.02%)
                                             Total = 00:00.005

                                   Online graphics = 00:00.024 (81.85%)
                                       Grand Total = 00:00.029
