                  ___                
This is MUSCOD-II (Release 6.0, Revision 3148) |\    /| |    | /   \ 000000        
Copyright (C) 1995--2019, Simulation and Optimization Group |  \/  | |    | `---.       000     
 |      |  \__/  \___/          00   
Interdisciplinary Center for Scientific Computing (IWR)                                  00 
Heidelberg University, Germany 00               | |              00
 00               | |              00
 + MS-MINTOC extensions for mixed-integer optimal control  00              ___    ___    ___  
 + PRSQP Partially Reduced SQP Version [ ]    00           /   \  /   \  |   \ 
 + Algorithmic Extensions [ CLSQ LSQ ]      000       |      |     | |    |
 + DEBUG enabled         000000  \___/  \___/  |___/ 

Loading the following libraries dynamically:
/home/patrick/MUSCOD_SUITE/MC2/Debug/lib64/libmuscod_prsqp_den.so ... success.
/home/patrick/MUSCOD_SUITE/MC2/Debug/lib64/libmuscod_hess_update.so ... success.
/home/patrick/MUSCOD_SUITE/MC2/Debug/lib64/libmuscod_tchk.so ... success.
/home/patrick/MUSCOD_SUITE/MC2/Debug/lib64/libmuscod_solve_slse.so ... success.
/home/patrick/MUSCOD_SUITE/MC2/Debug/lib64/libmuscod_cond_std.so ... success.
/home/patrick/MUSCOD_SUITE/MC2/Debug/lib64/libmuscod_qps_qpopt.so ... success.
/home/patrick/MUSCOD_SUITE/MC2/Debug/lib64/libmuscod_mssqp_standard.so ... success.
/home/patrick/MUSCOD_SUITE/MC2/Debug/lib64/libmuscod_plot_pgplot.so ... success.
/home/patrick/MUSCOD_SUITE/MC2/Debug/lib64/libmuscod_eval_ind.so ... success.
/home/patrick/MUSCOD_SUITE/MC2/Debug/lib64/libmuscod_mintoc.so ... success.
./libcart_pendulum.so ... success.
/home/patrick/MUSCOD_SUITE/MC2/Debug/lib64/libmuscod_ind_rkf45.so ... success.

>>>>  Dimensions of structured NLP problem:
                   # of discretization points NDIS =        21
                               # of variables NVAR =       124
                    # of equality constraints NEQ  =       107 (88 + 19)
                  # of inequality constraints NIN  =       248 (0 + 124*2)

>>>>  Parameters of MSSQP method:
                final accuracy of NLP solution ACC =  1.00E-05
                 initial integration tolerance     =  1.00E-07
  # of homotopy steps in integration tolerance     =         0
                   final integration tolerance TOL =  1.00E-07
    regularization factor (as multiple of ACC)     =  0.00E+00
    Levenberg Marquardt hessian regularization     =  0.00E+00
                   maximum # of SQP iterations     =      1000
(no constraint relaxation)

>>>>  Parameters of Hessian approximation method (BFGS update with Powell modification):
                              initial trust radius =   1926.67
                   initial diagonal scaling factor = 5.99323E-05

>>>>  SQP iterations

 it qpit qpf   kkttol          sobj   |sinf|  |vstep|  |vstpr| |mulstp|       |lgrd|    alpha         merit crit stat
  0                    3.700000E+00 9.23E+01


****
**** SQP iteration 0
****
(no constraint relaxation)
  1    1 A   1.01E+00  3.700000E+00 1.59E+01 9.63E+02 0.00E+00 7.82E+00 0.000000E+00 1.00E+00  3.115539E+01  REL SUCC


****
**** SQP iteration 1
****
(no constraint relaxation)
  2    4 A   2.29E-01  3.700000E+00 8.30E+00 4.89E+02 0.00E+00 6.43E+00 5.493005E+00 1.00E+00  1.637211E+01  STD SUCC


****
**** SQP iteration 2
****
(no constraint relaxation)
  3    4 AP  1.25E-01  3.700000E+00 1.93E+00 3.11E+02 0.00E+00 5.53E+00 5.746472E+00 1.00E+00  6.036786E+00  STD SUCC


****
**** SQP iteration 3
****
(no constraint relaxation)
  4    2 AP  1.06E-02  3.700000E+00 2.57E-01 1.35E+02 0.00E+00 4.33E+00 2.118678E+00 1.00E+00  3.933710E+00  STD SUCC


****
**** SQP iteration 4
****
(no constraint relaxation)
  5    2 AP  1.19E-04  3.700000E+00 1.76E-02 3.92E+01 0.00E+00 1.69E+00 1.224921E+00 1.00E+00  3.705692E+00  STD SUCC


****
**** SQP iteration 5
****
(no constraint relaxation)
  6    2 AP  5.78E-08  3.700000E+00 4.16E-05 9.64E-01 0.00E+00 1.90E-01 1.219124E-01 1.00E+00  3.700003E+00  STD SUCC

****  convergence achieved  ****

>>>>  Operation counts for ODE solver RKF45S:
                   total # of function evaluations =     50418
                      total # of integration steps =      2281
                         total # of rejected steps =       382

>>>>  Wall time statistics:
                      Sensitivity generation (IND) = 00:00.076 (75.69%)
                      Integration of inhomogeneity = 00:00.000 ( 0.00%)
                                 State integration = 00:00.013 (13.22%)
                              Constraint reduction = 00:00.000 ( 0.13%)
                                        Condensing = 00:00.006 ( 5.66%)
                         Solution of condensed QPs = 00:00.001 ( 0.86%)
                            Remaining calculations = 00:00.004 ( 4.44%)
                                             Total = 00:00.101

                                   Online graphics = 00:00.304 (75.08%)
                                       Grand Total = 00:00.404
